This file contains any messages produced by compilers while
running configure, to aid debugging if configure makes a mistake.

It was created by libjpeg configure 9.5.0, which was
generated by GNU Autoconf 2.71.  Invocation command line was

  $ ./configure --disable-dependency-tracking

## --------- ##
## Platform. ##
## --------- ##

hostname = andreamacbookpro14.lan
uname -m = arm64
uname -r = 23.1.0
uname -s = Darwin
uname -v = Darwin Kernel Version 23.1.0: Mon Oct  9 21:32:11 PDT 2023; root:xnu-10002.41.9~7/RELEASE_ARM64_T6030

/usr/bin/uname -p = arm
/bin/uname -X     = unknown

/bin/arch              = unknown
/usr/bin/arch -k       = unknown
/usr/convex/getsysinfo = unknown
/usr/bin/hostinfo      = Mach kernel version:
	 Darwin Kernel Version 23.1.0: Mon Oct  9 21:32:11 PDT 2023; root:xnu-10002.41.9~7/RELEASE_ARM64_T6030
Kernel configured for up to 12 processors.
12 processors are physically available.
12 processors are logically available.
Processor type: arm64e (ARM64E)
Processors active: 0 1 2 3 4 5 6 7 8 9 10 11
Primary memory available: 36.00 gigabytes
Default processor set: 704 tasks, 3518 threads, 12 processors
Load average: 3.48, Mach factor: 8.50
/bin/machine           = unknown
/usr/bin/oslevel       = unknown
/bin/universe          = unknown

PATH: /opt/homebrew/bin/
PATH: /opt/homebrew/sbin/
PATH: /usr/local/bin/
PATH: /System/Cryptexes/App/usr/bin/
PATH: /usr/bin/
PATH: /bin/
PATH: /usr/sbin/
PATH: /sbin/
PATH: /var/run/com.apple.security.cryptexd/codex.system/bootstrap/usr/local/bin/
PATH: /var/run/com.apple.security.cryptexd/codex.system/bootstrap/usr/bin/
PATH: /var/run/com.apple.security.cryptexd/codex.system/bootstrap/usr/appleinternal/bin/
PATH: /Library/Apple/usr/bin/
PATH: /Library/Frameworks/Mono.framework/Versions/Current/Commands/


## ----------- ##
## Core tests. ##
## ----------- ##

configure:2459: looking for aux files: ltmain.sh ar-lib compile missing install-sh config.guess config.sub
configure:2472:  trying ././
configure:2501:   ././ltmain.sh found
configure:2501:   ././ar-lib found
configure:2501:   ././compile found
configure:2501:   ././missing found
configure:2483:   ././install-sh found
configure:2501:   ././config.guess found
configure:2501:   ././config.sub found
configure:2631: checking build system type
configure:2646: result: aarch64-apple-darwin23.1.0
configure:2666: checking host system type
configure:2680: result: aarch64-apple-darwin23.1.0
configure:2700: checking target system type
configure:2714: result: aarch64-apple-darwin23.1.0
configure:2760: checking for a BSD-compatible install
configure:2833: result: /usr/bin/install -c
configure:2844: checking whether build environment is sane
configure:2899: result: yes
configure:3058: checking for a race-free mkdir -p
configure:3102: result: ././install-sh -c -d
configure:3109: checking for gawk
configure:3144: result: no
configure:3109: checking for mawk
configure:3144: result: no
configure:3109: checking for nawk
configure:3144: result: no
configure:3109: checking for awk
configure:3130: found /usr/bin/awk
configure:3141: result: awk
configure:3152: checking whether make sets $(MAKE)
configure:3175: result: yes
configure:3205: checking whether make supports nested variables
configure:3223: result: yes
configure:3375: checking whether make supports nested variables
configure:3393: result: yes
configure:3409: checking whether to enable maintainer-specific portions of Makefiles
configure:3419: result: no
configure:3496: checking for gcc
configure:3517: found /usr/bin/gcc
configure:3528: result: gcc
configure:3881: checking for C compiler version
configure:3890: gcc --version >&5
Apple clang version 15.0.0 (clang-1500.1.0.2.5)
Target: arm64-apple-darwin23.1.0
Thread model: posix
InstalledDir: /Library/Developer/CommandLineTools/usr/bin
configure:3901: $? = 0
configure:3890: gcc -v >&5
Apple clang version 15.0.0 (clang-1500.1.0.2.5)
Target: arm64-apple-darwin23.1.0
Thread model: posix
InstalledDir: /Library/Developer/CommandLineTools/usr/bin
configure:3901: $? = 0
configure:3890: gcc -V >&5
clang: error: argument to '-V' is missing (expected 1 value)
clang: error: no input files
configure:3901: $? = 1
configure:3890: gcc -qversion >&5
clang: error: unknown argument '-qversion'; did you mean '--version'?
clang: error: no input files
configure:3901: $? = 1
configure:3890: gcc -version >&5
clang: error: unknown argument '-version'; did you mean '--version'?
clang: error: no input files
configure:3901: $? = 1
configure:3921: checking whether the C compiler works
configure:3943: gcc    conftest.c  >&5
configure:3947: $? = 0
configure:3997: result: yes
configure:4000: checking for C compiler default output file name
configure:4002: result: a.out
configure:4008: checking for suffix of executables
configure:4015: gcc -o conftest    conftest.c  >&5
configure:4019: $? = 0
configure:4042: result: 
configure:4064: checking whether we are cross compiling
configure:4072: gcc -o conftest    conftest.c  >&5
configure:4076: $? = 0
configure:4083: ./conftest
configure:4087: $? = 0
configure:4102: result: no
configure:4107: checking for suffix of object files
configure:4130: gcc -c   conftest.c >&5
configure:4134: $? = 0
configure:4156: result: o
configure:4160: checking whether the compiler supports GNU C
configure:4180: gcc -c   conftest.c >&5
configure:4180: $? = 0
configure:4190: result: yes
configure:4201: checking whether gcc accepts -g
configure:4222: gcc -c -g  conftest.c >&5
configure:4222: $? = 0
configure:4266: result: yes
configure:4286: checking for gcc option to enable C11 features
configure:4301: gcc  -c -g -O2  conftest.c >&5
conftest.c:25:14: warning: a function definition without a prototype is deprecated in all versions of C and is not supported in C2x [-Wdeprecated-non-prototype]
static char *e (p, i)
             ^
1 warning generated.
configure:4301: $? = 0
configure:4319: result: none needed
configure:4435: checking whether gcc understands -c and -o together
configure:4458: gcc -c conftest.c -o conftest2.o
configure:4461: $? = 0
configure:4458: gcc -c conftest.c -o conftest2.o
configure:4461: $? = 0
configure:4473: result: yes
configure:4493: checking whether make supports the include directive
configure:4508: make -f confmf.GNU && cat confinc.out
this is the am__doit target
configure:4511: $? = 0
configure:4530: result: yes (GNU style)
configure:4556: checking dependency style of gcc
configure:4668: result: none
configure:4688: checking how to run the C preprocessor
configure:4714: gcc -E  conftest.c
configure:4714: $? = 0
configure:4729: gcc -E  conftest.c
conftest.c:11:10: fatal error: 'ac_nonexistent.h' file not found
#include <ac_nonexistent.h>
         ^~~~~~~~~~~~~~~~~~
1 error generated.
configure:4729: $? = 1
configure: failed program was:
| /* confdefs.h */
| #define PACKAGE_NAME "libjpeg"
| #define PACKAGE_TARNAME "libjpeg"
| #define PACKAGE_VERSION "9.5.0"
| #define PACKAGE_STRING "libjpeg 9.5.0"
| #define PACKAGE_BUGREPORT ""
| #define PACKAGE_URL ""
| #define PACKAGE "libjpeg"
| #define VERSION "9.5.0"
| /* end confdefs.h.  */
| #include <ac_nonexistent.h>
configure:4756: result: gcc -E
configure:4770: gcc -E  conftest.c
configure:4770: $? = 0
configure:4785: gcc -E  conftest.c
conftest.c:11:10: fatal error: 'ac_nonexistent.h' file not found
#include <ac_nonexistent.h>
         ^~~~~~~~~~~~~~~~~~
1 error generated.
configure:4785: $? = 1
configure: failed program was:
| /* confdefs.h */
| #define PACKAGE_NAME "libjpeg"
| #define PACKAGE_TARNAME "libjpeg"
| #define PACKAGE_VERSION "9.5.0"
| #define PACKAGE_STRING "libjpeg 9.5.0"
| #define PACKAGE_BUGREPORT ""
| #define PACKAGE_URL ""
| #define PACKAGE "libjpeg"
| #define VERSION "9.5.0"
| /* end confdefs.h.  */
| #include <ac_nonexistent.h>
configure:4816: checking whether make sets $(MAKE)
configure:4839: result: yes
configure:4848: checking whether ln -s works
configure:4852: result: yes
configure:4859: checking for grep that handles long lines and -e
configure:4923: result: /usr/bin/grep
configure:4928: checking for egrep
configure:4996: result: /usr/bin/grep -E
configure:5057: checking for ar
configure:5078: found /usr/bin/ar
configure:5089: result: ar
configure:5115: checking the archiver (ar) interface
configure:5132: gcc -c -g -O2  conftest.c >&5
configure:5132: $? = 0
configure:5135: ar cru libconftest.a conftest.o >&5
configure:5138: $? = 0
configure:5166: result: ar
configure:5196: checking if LD -Wl,--version-script works
configure:5220: gcc -o conftest -g -O2   -Wl,--version-script=conftest.map conftest.c  >&5
ld: unknown options: --version-script=conftest.map 
clang: error: linker command failed with exit code 1 (use -v to see invocation)
configure:5220: $? = 1
configure: failed program was:
| /* confdefs.h */
| #define PACKAGE_NAME "libjpeg"
| #define PACKAGE_TARNAME "libjpeg"
| #define PACKAGE_VERSION "9.5.0"
| #define PACKAGE_STRING "libjpeg 9.5.0"
| #define PACKAGE_BUGREPORT ""
| #define PACKAGE_URL ""
| #define PACKAGE "libjpeg"
| #define VERSION "9.5.0"
| /* end confdefs.h.  */
| 
| int
| main (void)
| {
| 
|   ;
|   return 0;
| }
configure:5230: result: no
configure:5243: checking for function prototypes
configure:5264: gcc -c -g -O2  conftest.c >&5
configure:5264: $? = 0
configure:5273: result: yes
configure:5297: checking for stdio.h
configure:5297: gcc -c -g -O2  conftest.c >&5
configure:5297: $? = 0
configure:5297: result: yes
configure:5297: checking for stdlib.h
configure:5297: gcc -c -g -O2  conftest.c >&5
configure:5297: $? = 0
configure:5297: result: yes
configure:5297: checking for string.h
configure:5297: gcc -c -g -O2  conftest.c >&5
configure:5297: $? = 0
configure:5297: result: yes
configure:5297: checking for inttypes.h
configure:5297: gcc -c -g -O2  conftest.c >&5
configure:5297: $? = 0
configure:5297: result: yes
configure:5297: checking for stdint.h
configure:5297: gcc -c -g -O2  conftest.c >&5
configure:5297: $? = 0
configure:5297: result: yes
configure:5297: checking for strings.h
configure:5297: gcc -c -g -O2  conftest.c >&5
configure:5297: $? = 0
configure:5297: result: yes
configure:5297: checking for sys/stat.h
configure:5297: gcc -c -g -O2  conftest.c >&5
configure:5297: $? = 0
configure:5297: result: yes
configure:5297: checking for sys/types.h
configure:5297: gcc -c -g -O2  conftest.c >&5
configure:5297: $? = 0
configure:5297: result: yes
configure:5297: checking for unistd.h
configure:5297: gcc -c -g -O2  conftest.c >&5
configure:5297: $? = 0
configure:5297: result: yes
configure:5322: checking for stddef.h
configure:5322: gcc -c -g -O2  conftest.c >&5
configure:5322: $? = 0
configure:5322: result: yes
configure:5328: checking for stdlib.h
configure:5328: result: yes
configure:5334: checking for locale.h
configure:5334: gcc -c -g -O2  conftest.c >&5
configure:5334: $? = 0
configure:5334: result: yes
configure:5341: checking for string.h
configure:5341: result: yes
configure:5354: checking for size_t
configure:5381: gcc -c -g -O2  conftest.c >&5
configure:5381: $? = 0
configure:5388: result: yes
configure:5426: checking for type unsigned char
configure:5439: gcc -c -g -O2  conftest.c >&5
configure:5439: $? = 0
configure:5441: result: yes
configure:5452: checking for type unsigned short
configure:5465: gcc -c -g -O2  conftest.c >&5
configure:5465: $? = 0
configure:5467: result: yes
configure:5478: checking for type void
configure:5512: gcc -c -g -O2  conftest.c >&5
configure:5512: $? = 0
configure:5514: result: yes
configure:5524: checking for an ANSI C-conforming const
configure:5591: gcc -c -g -O2  conftest.c >&5
configure:5591: $? = 0
configure:5599: result: yes
configure:5609: checking for inline
configure:5624: gcc -c -g -O2  conftest.c >&5
configure:5624: $? = 0
configure:5665: result: __inline__
configure:5672: checking for broken incomplete types
configure:5687: gcc -c -g -O2  conftest.c >&5
configure:5687: $? = 0
configure:5689: result: ok
configure:5701: checking for short external names
configure:5717: gcc -o conftest -g -O2   conftest.c  >&5
configure:5717: $? = 0
configure:5719: result: ok
configure:5732: checking to see if char is signed
configure:5770: gcc -o conftest -g -O2   conftest.c  >&5
configure:5770: $? = 0
configure:5770: ./conftest
configure:5770: $? = 1
configure: program exited with status 1
configure: failed program was:
| /* confdefs.h */
| #define PACKAGE_NAME "libjpeg"
| #define PACKAGE_TARNAME "libjpeg"
| #define PACKAGE_VERSION "9.5.0"
| #define PACKAGE_STRING "libjpeg 9.5.0"
| #define PACKAGE_BUGREPORT ""
| #define PACKAGE_URL ""
| #define PACKAGE "libjpeg"
| #define VERSION "9.5.0"
| #define HAVE_PROTOTYPES 1
| #define HAVE_STDIO_H 1
| #define HAVE_STDLIB_H 1
| #define HAVE_STRING_H 1
| #define HAVE_INTTYPES_H 1
| #define HAVE_STDINT_H 1
| #define HAVE_STRINGS_H 1
| #define HAVE_SYS_STAT_H 1
| #define HAVE_SYS_TYPES_H 1
| #define HAVE_UNISTD_H 1
| #define STDC_HEADERS 1
| #define HAVE_STDDEF_H 1
| #define HAVE_STDLIB_H 1
| #define HAVE_LOCALE_H 1
| #define HAVE_UNSIGNED_CHAR 1
| #define HAVE_UNSIGNED_SHORT 1
| #define INLINE __inline__
| /* end confdefs.h.  */
| 
| #ifdef HAVE_STDLIB_H
| #include <stdlib.h>
| #endif
| #include <stdio.h>
| #ifdef HAVE_PROTOTYPES
| int is_char_signed (int arg)
| #else
| int is_char_signed (arg)
|      int arg;
| #endif
| {
|   if (arg == 189) {		/* expected result for unsigned char */
|     return 0;			/* type char is unsigned */
|   }
|   else if (arg != -67) {	/* expected result for signed char */
|     printf("Hmm, it seems 'char' is not eight bits wide on your machine.\n");
|     printf("I fear the JPEG software will not work at all.\n\n");
|   }
|   return 1;			/* assume char is signed otherwise */
| }
| char signed_char_check = (char) (-67);
| int main() {
|   exit(is_char_signed((int) signed_char_check));
| }
configure:5778: result: yes
configure:5786: checking to see if right shift is signed
configure:5827: gcc -o conftest -g -O2   conftest.c  >&5
conftest.c:48:16: warning: shifting a negative signed value is undefined [-Wshift-negative-value]
  res |= (~0L) << (32-4);
         ~~~~~ ^
1 warning generated.
configure:5827: $? = 0
configure:5827: ./conftest
configure:5827: $? = 1
configure: program exited with status 1
configure: failed program was:
| /* confdefs.h */
| #define PACKAGE_NAME "libjpeg"
| #define PACKAGE_TARNAME "libjpeg"
| #define PACKAGE_VERSION "9.5.0"
| #define PACKAGE_STRING "libjpeg 9.5.0"
| #define PACKAGE_BUGREPORT ""
| #define PACKAGE_URL ""
| #define PACKAGE "libjpeg"
| #define VERSION "9.5.0"
| #define HAVE_PROTOTYPES 1
| #define HAVE_STDIO_H 1
| #define HAVE_STDLIB_H 1
| #define HAVE_STRING_H 1
| #define HAVE_INTTYPES_H 1
| #define HAVE_STDINT_H 1
| #define HAVE_STRINGS_H 1
| #define HAVE_SYS_STAT_H 1
| #define HAVE_SYS_TYPES_H 1
| #define HAVE_UNISTD_H 1
| #define STDC_HEADERS 1
| #define HAVE_STDDEF_H 1
| #define HAVE_STDLIB_H 1
| #define HAVE_LOCALE_H 1
| #define HAVE_UNSIGNED_CHAR 1
| #define HAVE_UNSIGNED_SHORT 1
| #define INLINE __inline__
| /* end confdefs.h.  */
| 
| #ifdef HAVE_STDLIB_H
| #include <stdlib.h>
| #endif
| #include <stdio.h>
| #ifdef HAVE_PROTOTYPES
| int is_shifting_signed (long arg)
| #else
| int is_shifting_signed (arg)
|     long arg;
| #endif
| /* See whether right-shift on a long is signed or not. */
| {
|   long res = arg >> 4;
| 
|   if (res == -0x7F7E80CL) {	/* expected result for signed shift */
|     return 1;			/* right shift is signed */
|   }
|   /* see if unsigned-shift hack will fix it. */
|   /* we can't just test exact value since it depends on width of long... */
|   res |= (~0L) << (32-4);
|   if (res == -0x7F7E80CL) {	/* expected result now? */
|     return 0;			/* right shift is unsigned */
|   }
|   printf("Right shift isn't acting as I expect it to.\n");
|   printf("I fear the JPEG software will not work at all.\n\n");
|   return 0;			/* try it with unsigned anyway */
| }
| int main() {
|   exit(is_shifting_signed(-0x7F7E80B1L));
| }
configure:5835: result: yes
configure:5843: checking to see if fopen accepts b spec
configure:5863: gcc -o conftest -g -O2   conftest.c  >&5
configure:5863: $? = 0
configure:5863: ./conftest
configure:5863: $? = 0
configure:5865: result: yes
configure:5927: checking how to print strings
configure:5954: result: printf
configure:5975: checking for a sed that does not truncate output
configure:6045: result: /usr/bin/sed
configure:6063: checking for fgrep
configure:6131: result: /usr/bin/grep -F
configure:6167: checking for ld used by gcc
configure:6235: result: /Library/Developer/CommandLineTools/usr/bin/ld
configure:6242: checking if the linker (/Library/Developer/CommandLineTools/usr/bin/ld) is GNU ld
configure:6258: result: no
configure:6270: checking for BSD- or MS-compatible name lister (nm)
configure:6325: result: /usr/bin/nm -B
configure:6465: checking the name lister (/usr/bin/nm -B) interface
configure:6473: gcc -c -g -O2  conftest.c >&5
configure:6476: /usr/bin/nm -B "conftest.o"
configure:6479: output
000000000000022c S _some_variable
0000000000000000 t ltmp0
000000000000022c s ltmp1
configure:6486: result: BSD nm
configure:6490: checking the maximum length of command line arguments
configure:6622: result: 786432
configure:6670: checking how to convert aarch64-apple-darwin23.1.0 file names to aarch64-apple-darwin23.1.0 format
configure:6711: result: func_convert_file_noop
configure:6718: checking how to convert aarch64-apple-darwin23.1.0 file names to toolchain format
configure:6739: result: func_convert_file_noop
configure:6746: checking for /Library/Developer/CommandLineTools/usr/bin/ld option to reload object files
configure:6754: result: -r
configure:6833: checking for objdump
configure:6854: found /usr/bin/objdump
configure:6865: result: objdump
configure:6894: checking how to recognize dependent libraries
configure:7095: result: pass_all
configure:7185: checking for dlltool
configure:7220: result: no
configure:7247: checking how to associate runtime and link libraries
configure:7275: result: printf %s\n
configure:7409: checking for archiver @FILE support
configure:7427: gcc -c -g -O2  conftest.c >&5
configure:7427: $? = 0
configure:7431: ar cru libconftest.a @conftest.lst >&5
ar: @conftest.lst: No such file or directory
configure:7434: $? = 1
configure:7454: result: no
configure:7517: checking for strip
configure:7538: found /usr/bin/strip
configure:7549: result: strip
configure:7626: checking for ranlib
configure:7647: found /usr/bin/ranlib
configure:7658: result: ranlib
configure:7760: checking command to parse /usr/bin/nm -B output from gcc object
configure:7914: gcc -c -g -O2  conftest.c >&5
configure:7917: $? = 0
configure:7921: /usr/bin/nm -B conftest.o \| sed -n -e 's/^.*[ ]\([ABCDGIRSTW][ABCDGIRSTW]*\)[ ][ ]*\([_A-Za-z][_A-Za-z0-9]*\)$/\1 \2 \2/p' | sed '/ __gnu_lto/d' \> conftest.nm
configure:7924: $? = 0
cannot find nm_test_var in conftest.nm
configure:7914: gcc -c -g -O2  conftest.c >&5
configure:7917: $? = 0
configure:7921: /usr/bin/nm -B conftest.o \| sed -n -e 's/^.*[ ]\([ABCDGIRSTW][ABCDGIRSTW]*\)[ ][ ]*_\([_A-Za-z][_A-Za-z0-9]*\)$/\1 _\2 \2/p' | sed '/ __gnu_lto/d' \> conftest.nm
configure:7924: $? = 0
configure:7990: gcc -o conftest -g -O2   conftest.c conftstm.o >&5
configure:7993: $? = 0
configure:8031: result: ok
configure:8078: checking for sysroot
configure:8109: result: no
configure:8116: checking for a working dd
configure:8160: result: /bin/dd
configure:8164: checking how to truncate binary pipes
configure:8180: result: /bin/dd bs=4096 count=1
configure:8517: checking for mt
configure:8552: result: no
configure:8572: checking if : is a manifest tool
configure:8579: : '-?'
configure:8587: result: no
configure:8648: checking for dsymutil
configure:8669: found /usr/bin/dsymutil
configure:8680: result: dsymutil
configure:8750: checking for nmedit
configure:8771: found /usr/bin/nmedit
configure:8782: result: nmedit
configure:8852: checking for lipo
configure:8873: found /usr/bin/lipo
configure:8884: result: lipo
configure:8954: checking for otool
configure:8975: found /usr/bin/otool
configure:8986: result: otool
configure:9056: checking for otool64
configure:9091: result: no
configure:9136: checking for -single_module linker flag
gcc -g -O2  -o libconftest.dylib -dynamiclib -Wl,-single_module conftest.c
ld: warning: -single_module is obsolete
configure:9170: result: no
configure:9173: checking for -exported_symbols_list linker flag
configure:9194: gcc -o conftest -g -O2   -Wl,-exported_symbols_list,conftest.sym conftest.c  >&5
configure:9194: $? = 0
configure:9205: result: yes
configure:9208: checking for -force_load linker flag
gcc -g -O2 -c -o conftest.o conftest.c
ar cru libconftest.a conftest.o
ranlib libconftest.a
gcc -g -O2  -o conftest conftest.c -Wl,-force_load,./libconftest.a
configure:9241: result: yes
configure:9313: checking for dlfcn.h
configure:9313: gcc -c -g -O2  conftest.c >&5
configure:9313: $? = 0
configure:9313: result: yes
configure:9900: checking for objdir
configure:9916: result: .libs
configure:10176: checking if gcc supports -fno-rtti -fno-exceptions
configure:10195: gcc -c -g -O2  -fno-rtti -fno-exceptions conftest.c >&5
configure:10199: $? = 0
configure:10212: result: yes
configure:10570: checking for gcc option to produce PIC
configure:10578: result: -fno-common -DPIC
configure:10586: checking if gcc PIC flag -fno-common -DPIC works
configure:10605: gcc -c -g -O2  -fno-common -DPIC -DPIC conftest.c >&5
configure:10609: $? = 0
configure:10622: result: yes
configure:10651: checking if gcc static flag -static works
configure:10680: result: no
configure:10695: checking if gcc supports -c -o file.o
configure:10717: gcc -c -g -O2  -o out/conftest2.o conftest.c >&5
configure:10721: $? = 0
configure:10743: result: yes
configure:10751: checking if gcc supports -c -o file.o
configure:10799: result: yes
configure:10832: checking whether the gcc linker (/Library/Developer/CommandLineTools/usr/bin/ld) supports shared libraries
configure:12098: result: yes
configure:12339: checking dynamic linker characteristics
configure:13160: result: darwin23.1.0 dyld
configure:13282: checking how to hardcode library paths into programs
configure:13307: result: immediate
configure:13859: checking whether stripping libraries is possible
configure:13873: result: yes
configure:13899: checking if libtool supports shared libraries
configure:13901: result: yes
configure:13904: checking whether to build shared libraries
configure:13929: result: yes
configure:13932: checking whether to build static libraries
configure:13936: result: yes
configure:14056: checking libjpeg version number
configure:14066: result: 9.5.0
configure:14180: checking that generated files are newer than configure
configure:14186: result: done
configure:14217: creating ./config.status

## ---------------------- ##
## Running config.status. ##
## ---------------------- ##

This file was extended by libjpeg config.status 9.5.0, which was
generated by GNU Autoconf 2.71.  Invocation command line was

  CONFIG_FILES    = 
  CONFIG_HEADERS  = 
  CONFIG_LINKS    = 
  CONFIG_COMMANDS = 
  $ ./config.status 

on andreamacbookpro14.lan

config.status:1100: creating Makefile
config.status:1100: creating libjpeg.pc
config.status:1100: creating jconfig.h
config.status:1281: jconfig.h is unchanged
config.status:1329: executing depfiles commands
config.status:1329: executing libtool commands

## ---------------- ##
## Cache variables. ##
## ---------------- ##

ac_cv_build=aarch64-apple-darwin23.1.0
ac_cv_c_compiler_gnu=yes
ac_cv_c_const=yes
ac_cv_env_CC_set=
ac_cv_env_CC_value=
ac_cv_env_CFLAGS_set=
ac_cv_env_CFLAGS_value=
ac_cv_env_CPPFLAGS_set=
ac_cv_env_CPPFLAGS_value=
ac_cv_env_CPP_set=
ac_cv_env_CPP_value=
ac_cv_env_LDFLAGS_set=
ac_cv_env_LDFLAGS_value=
ac_cv_env_LIBS_set=
ac_cv_env_LIBS_value=
ac_cv_env_LT_SYS_LIBRARY_PATH_set=
ac_cv_env_LT_SYS_LIBRARY_PATH_value=
ac_cv_env_build_alias_set=
ac_cv_env_build_alias_value=
ac_cv_env_host_alias_set=
ac_cv_env_host_alias_value=
ac_cv_env_target_alias_set=
ac_cv_env_target_alias_value=
ac_cv_header_dlfcn_h=yes
ac_cv_header_inttypes_h=yes
ac_cv_header_locale_h=yes
ac_cv_header_stddef_h=yes
ac_cv_header_stdint_h=yes
ac_cv_header_stdio_h=yes
ac_cv_header_stdlib_h=yes
ac_cv_header_string_h=yes
ac_cv_header_strings_h=yes
ac_cv_header_sys_stat_h=yes
ac_cv_header_sys_types_h=yes
ac_cv_header_unistd_h=yes
ac_cv_host=aarch64-apple-darwin23.1.0
ac_cv_objext=o
ac_cv_path_EGREP='/usr/bin/grep -E'
ac_cv_path_FGREP='/usr/bin/grep -F'
ac_cv_path_GREP=/usr/bin/grep
ac_cv_path_SED=/usr/bin/sed
ac_cv_path_install='/usr/bin/install -c'
ac_cv_path_lt_DD=/bin/dd
ac_cv_prog_AWK=awk
ac_cv_prog_CPP='gcc -E'
ac_cv_prog_ac_ct_AR=ar
ac_cv_prog_ac_ct_CC=gcc
ac_cv_prog_ac_ct_DSYMUTIL=dsymutil
ac_cv_prog_ac_ct_LIPO=lipo
ac_cv_prog_ac_ct_NMEDIT=nmedit
ac_cv_prog_ac_ct_OBJDUMP=objdump
ac_cv_prog_ac_ct_OTOOL=otool
ac_cv_prog_ac_ct_RANLIB=ranlib
ac_cv_prog_ac_ct_STRIP=strip
ac_cv_prog_cc_c11=
ac_cv_prog_cc_g=yes
ac_cv_prog_cc_stdc=
ac_cv_prog_make_make_set=yes
ac_cv_target=aarch64-apple-darwin23.1.0
am_cv_CC_dependencies_compiler_type=none
am_cv_ar_interface=ar
am_cv_make_support_nested_variables=yes
am_cv_prog_cc_c_o=yes
ijg_cv_have_prototypes=yes
ijg_cv_inline=__inline__
lt_cv_apple_cc_single_mod=no
lt_cv_ar_at_file=no
lt_cv_deplibs_check_method=pass_all
lt_cv_file_magic_cmd='$MAGIC_CMD'
lt_cv_file_magic_test_file=
lt_cv_ld_exported_symbols_list=yes
lt_cv_ld_force_load=yes
lt_cv_ld_reload_flag=-r
lt_cv_nm_interface='BSD nm'
lt_cv_objdir=.libs
lt_cv_path_LD=/Library/Developer/CommandLineTools/usr/bin/ld
lt_cv_path_NM='/usr/bin/nm -B'
lt_cv_path_mainfest_tool=no
lt_cv_prog_compiler_c_o=yes
lt_cv_prog_compiler_pic='-fno-common -DPIC'
lt_cv_prog_compiler_pic_works=yes
lt_cv_prog_compiler_rtti_exceptions=yes
lt_cv_prog_compiler_static_works=no
lt_cv_prog_gnu_ld=no
lt_cv_sharedlib_from_linklib_cmd='printf %s\n'
lt_cv_sys_global_symbol_pipe='sed -n -e '\''s/^.*[	 ]\([ABCDGIRSTW][ABCDGIRSTW]*\)[	 ][	 ]*_\([_A-Za-z][_A-Za-z0-9]*\)$/\1 _\2 \2/p'\'' | sed '\''/ __gnu_lto/d'\'''
lt_cv_sys_global_symbol_to_c_name_address='sed -n -e '\''s/^: \(.*\) .*$/  {"\1", (void *) 0},/p'\'' -e '\''s/^[ABCDGIRSTW][ABCDGIRSTW]* .* \(.*\)$/  {"\1", (void *) \&\1},/p'\'''
lt_cv_sys_global_symbol_to_c_name_address_lib_prefix='sed -n -e '\''s/^: \(.*\) .*$/  {"\1", (void *) 0},/p'\'' -e '\''s/^[ABCDGIRSTW][ABCDGIRSTW]* .* \(lib.*\)$/  {"\1", (void *) \&\1},/p'\'' -e '\''s/^[ABCDGIRSTW][ABCDGIRSTW]* .* \(.*\)$/  {"lib\1", (void *) \&\1},/p'\'''
lt_cv_sys_global_symbol_to_cdecl='sed -n -e '\''s/^T .* \(.*\)$/extern int \1();/p'\'' -e '\''s/^[ABCDGIRSTW][ABCDGIRSTW]* .* \(.*\)$/extern char \1;/p'\'''
lt_cv_sys_global_symbol_to_import=
lt_cv_sys_max_cmd_len=786432
lt_cv_to_host_file_cmd=func_convert_file_noop
lt_cv_to_tool_file_cmd=func_convert_file_noop
lt_cv_truncate_bin='/bin/dd bs=4096 count=1'

## ----------------- ##
## Output variables. ##
## ----------------- ##

ACLOCAL='${SHELL} '\''/Users/andrea/_coding/cube/cube_source/jpeg-9e/missing'\'' aclocal-1.16'
AMDEPBACKSLASH=''
AMDEP_FALSE=''
AMDEP_TRUE='#'
AMTAR='$${TAR-tar}'
AM_BACKSLASH='\'
AM_DEFAULT_V='$(AM_DEFAULT_VERBOSITY)'
AM_DEFAULT_VERBOSITY='0'
AM_V='$(V)'
AR='ar'
AS='as'
AUTOCONF='${SHELL} '\''/Users/andrea/_coding/cube/cube_source/jpeg-9e/missing'\'' autoconf'
AUTOHEADER='echo autoheader ignored'
AUTOMAKE='${SHELL} '\''/Users/andrea/_coding/cube/cube_source/jpeg-9e/missing'\'' automake-1.16'
AWK='awk'
CC='gcc'
CCDEPMODE='depmode=none'
CFLAGS='-g -O2'
CPP='gcc -E'
CPPFLAGS=''
CSCOPE='cscope'
CTAGS='ctags'
CYGPATH_W='echo'
DEFS='-DHAVE_CONFIG_H'
DEPDIR='.deps'
DLLTOOL='false'
DSYMUTIL='dsymutil'
DUMPBIN=''
ECHO_C='\c'
ECHO_N=''
ECHO_T=''
EGREP='/usr/bin/grep -E'
ETAGS='etags'
EXEEXT=''
FGREP='/usr/bin/grep -F'
GREP='/usr/bin/grep'
HAVE_LD_VERSION_SCRIPT_FALSE=''
HAVE_LD_VERSION_SCRIPT_TRUE='#'
INSTALL_DATA='${INSTALL} -m 644'
INSTALL_PROGRAM='${INSTALL}'
INSTALL_SCRIPT='${INSTALL}'
INSTALL_STRIP_PROGRAM='$(install_sh) -c -s'
JPEG_LIB_VERSION='14:0:5'
JPEG_LIB_VERSION_MAJOR='9'
JPEG_LIB_VERSION_MINOR='5'
LD='/Library/Developer/CommandLineTools/usr/bin/ld'
LDFLAGS=''
LIBOBJS=''
LIBS=''
LIBTOOL='$(SHELL) $(top_builddir)/libtool'
LIPO='lipo'
LN_S='ln -s'
LTLIBOBJS=''
LT_SYS_LIBRARY_PATH=''
MAINT='#'
MAINTAINER_MODE_FALSE=''
MAINTAINER_MODE_TRUE='#'
MAKEINFO='${SHELL} '\''/Users/andrea/_coding/cube/cube_source/jpeg-9e/missing'\'' makeinfo'
MANIFEST_TOOL=':'
MEMORYMGR='jmemnobs'
MKDIR_P='././install-sh -c -d'
NM='/usr/bin/nm -B'
NMEDIT='nmedit'
OBJDUMP='objdump'
OBJEXT='o'
OTOOL64=':'
OTOOL='otool'
PACKAGE='libjpeg'
PACKAGE_BUGREPORT=''
PACKAGE_NAME='libjpeg'
PACKAGE_STRING='libjpeg 9.5.0'
PACKAGE_TARNAME='libjpeg'
PACKAGE_URL=''
PACKAGE_VERSION='9.5.0'
PATH_SEPARATOR=':'
RANLIB='ranlib'
SED='/usr/bin/sed'
SET_MAKE=''
SHELL='/bin/sh'
STRIP='strip'
VERSION='9.5.0'
ac_ct_AR='ar'
ac_ct_CC='gcc'
ac_ct_DUMPBIN=''
am__EXEEXT_FALSE=''
am__EXEEXT_TRUE='#'
am__fastdepCC_FALSE=''
am__fastdepCC_TRUE='#'
am__include='include'
am__isrc=''
am__leading_dot='.'
am__nodep=''
am__quote=''
am__tar='$${TAR-tar} chof - "$$tardir"'
am__untar='$${TAR-tar} xf -'
bindir='${exec_prefix}/bin'
build='aarch64-apple-darwin23.1.0'
build_alias=''
build_cpu='aarch64'
build_os='darwin23.1.0'
build_vendor='apple'
datadir='${datarootdir}'
datarootdir='${prefix}/share'
docdir='${datarootdir}/doc/${PACKAGE_TARNAME}'
dvidir='${docdir}'
exec_prefix='${prefix}'
host='aarch64-apple-darwin23.1.0'
host_alias=''
host_cpu='aarch64'
host_os='darwin23.1.0'
host_vendor='apple'
htmldir='${docdir}'
includedir='${prefix}/include'
infodir='${datarootdir}/info'
install_sh='${SHELL} /Users/andrea/_coding/cube/cube_source/jpeg-9e/install-sh'
libdir='${exec_prefix}/lib'
libexecdir='${exec_prefix}/libexec'
localedir='${datarootdir}/locale'
localstatedir='${prefix}/var'
mandir='${datarootdir}/man'
mkdir_p='$(MKDIR_P)'
oldincludedir='/usr/include'
pdfdir='${docdir}'
prefix='/usr/local'
program_transform_name='s,x,x,'
psdir='${docdir}'
runstatedir='${localstatedir}/run'
sbindir='${exec_prefix}/sbin'
sharedstatedir='${prefix}/com'
sysconfdir='${prefix}/etc'
target='aarch64-apple-darwin23.1.0'
target_alias=''
target_cpu='aarch64'
target_os='darwin23.1.0'
target_vendor='apple'

## ----------- ##
## confdefs.h. ##
## ----------- ##

/* confdefs.h */
#define PACKAGE_NAME "libjpeg"
#define PACKAGE_TARNAME "libjpeg"
#define PACKAGE_VERSION "9.5.0"
#define PACKAGE_STRING "libjpeg 9.5.0"
#define PACKAGE_BUGREPORT ""
#define PACKAGE_URL ""
#define PACKAGE "libjpeg"
#define VERSION "9.5.0"
#define HAVE_PROTOTYPES 1
#define HAVE_STDIO_H 1
#define HAVE_STDLIB_H 1
#define HAVE_STRING_H 1
#define HAVE_INTTYPES_H 1
#define HAVE_STDINT_H 1
#define HAVE_STRINGS_H 1
#define HAVE_SYS_STAT_H 1
#define HAVE_SYS_TYPES_H 1
#define HAVE_UNISTD_H 1
#define STDC_HEADERS 1
#define HAVE_STDDEF_H 1
#define HAVE_STDLIB_H 1
#define HAVE_LOCALE_H 1
#define HAVE_UNSIGNED_CHAR 1
#define HAVE_UNSIGNED_SHORT 1
#define INLINE __inline__
#define HAVE_DLFCN_H 1
#define LT_OBJDIR ".libs/"

configure: exit 0
